SF:lib/src/features/shift_handover/data/models/shift_report_model.dart
DA:12,3
DA:22,1
DA:23,1
DA:24,1
DA:25,1
DA:26,1
DA:27,1
DA:28,3
DA:29,1
DA:30,1
DA:33,1
DA:34,1
DA:35,1
DA:36,1
DA:37,1
DA:38,1
DA:39,1
DA:40,1
DA:41,1
LF:19
LH:19
end_of_record
SF:lib/src/features/shift_handover/data/models/submission_result_model.dart
DA:7,2
DA:9,1
DA:11,3
DA:13,1
DA:14,3
LF:5
LH:5
end_of_record
SF:lib/src/features/shift_handover/data/models/handover_note_model.dart
DA:12,6
DA:22,3
DA:23,3
DA:24,3
DA:25,3
DA:26,3
DA:27,3
DA:28,3
DA:29,3
DA:30,6
DA:32,3
DA:35,1
DA:36,1
DA:37,1
DA:38,1
DA:39,1
DA:40,1
DA:41,1
DA:42,1
DA:43,1
LF:20
LH:20
end_of_record
SF:lib/src/features/shift_handover/domain/entities/submission_result.dart
DA:9,1
DA:11,2
DA:12,1
DA:13,1
DA:16,1
DA:17,3
LF:6
LH:6
end_of_record
SF:lib/src/features/shift_handover/domain/entities/handover_note.dart
DA:16,2
DA:18,3
DA:20,3
DA:30,3
DA:31,3
DA:32,3
DA:33,3
DA:34,3
DA:35,1
DA:36,1
DA:40,3
DA:41,3
DA:42,3
DA:43,6
DA:44,6
DA:45,3
DA:46,3
DA:47,3
DA:51,2
DA:59,2
DA:60,2
DA:61,2
DA:62,2
DA:63,2
DA:64,2
DA:65,2
DA:66,1
DA:69,1
DA:70,1
DA:71,1
DA:72,1
DA:73,1
DA:74,1
DA:75,1
DA:76,1
DA:77,1
LF:36
LH:36
end_of_record
SF:lib/src/features/shift_handover/domain/entities/shift_report.dart
DA:17,5
DA:19,2
DA:29,4
DA:30,2
DA:31,2
DA:32,4
DA:33,6
DA:34,3
DA:35,10
DA:36,2
DA:37,2
DA:38,2
DA:41,2
DA:49,2
DA:50,2
DA:51,2
DA:52,2
DA:53,2
DA:54,2
DA:55,1
DA:56,1
DA:59,2
DA:60,2
DA:61,2
DA:62,2
DA:63,4
DA:64,4
DA:65,2
DA:66,2
DA:67,4
DA:68,2
DA:69,2
DA:70,4
DA:71,4
DA:72,2
DA:73,2
DA:74,2
DA:77,2
DA:78,1
DA:79,1
DA:82,1
DA:83,8
LF:42
LH:42
end_of_record
SF:lib/src/base/helpers/timestamp_helper.dart
DA:5,4
DA:6,4
DA:7,2
DA:10,4
DA:12,1
LF:5
LH:5
end_of_record
